[0.000000] (-) TimerEvent: {}
[0.000763] (intro_to_ros) JobQueued: {'identifier': 'intro_to_ros', 'dependencies': OrderedDict()}
[0.000980] (intro_to_ros) JobStarted: {'identifier': 'intro_to_ros'}
[0.095880] (-) TimerEvent: {}
[0.197203] (-) TimerEvent: {}
[0.297836] (-) TimerEvent: {}
[0.398442] (-) TimerEvent: {}
[0.501215] (-) TimerEvent: {}
[0.601875] (-) TimerEvent: {}
[0.702625] (-) TimerEvent: {}
[0.803332] (-) TimerEvent: {}
[0.903976] (-) TimerEvent: {}
[1.004651] (-) TimerEvent: {}
[1.105328] (-) TimerEvent: {}
[1.206375] (-) TimerEvent: {}
[1.308508] (-) TimerEvent: {}
[1.411713] (-) TimerEvent: {}
[1.517176] (-) TimerEvent: {}
[1.622755] (-) TimerEvent: {}
[1.728244] (-) TimerEvent: {}
[1.829129] (-) TimerEvent: {}
[1.933994] (-) TimerEvent: {}
[2.035587] (-) TimerEvent: {}
[2.121454] (intro_to_ros) StderrLine: {'line': b'Traceback (most recent call last):\n  File "/usr/lib/python3/dist-packages/colcon_core/executor/__init__.py", line 91, in __call__\n    rc = await self.task(*args, **kwargs)\n         ^^^^^^^^^^^^^^^^^^^^^^^^^^^^^^^^\n  File "/usr/lib/python3/dist-packages/colcon_core/task/__init__.py", line 93, in __call__\n    return await task_method(*args, **kwargs)\n           ^^^^^^^^^^^^^^^^^^^^^^^^^^^^^^^^^^\n  File "/usr/lib/python3/dist-packages/colcon_ros/task/ament_python/build.py", line 51, in build\n    setup_py_data = get_setup_data(self.context.pkg, env)\n                    ^^^^^^^^^^^^^^^^^^^^^^^^^^^^^^^^^^^^^\n  File "/usr/lib/python3/dist-packages/colcon_core/task/python/__init__.py", line 20, in get_setup_data\n    return dict(pkg.metadata[key](env))\n                ^^^^^^^^^^^^^^^^^^^^^^\n  File "/usr/lib/python3/dist-packages/colcon_ros/package_augmentation/ros_ament_python.py", line 57, in getter\n    return get_setup_information(\n           ^^^^^^^^^^^^^^^^^^^^^^\n  File "/usr/lib/python3/dist-packages/colcon_python_setup_py/package_identification/python_setup_py.py", line 241, in get_setup_information\n    _setup_information_cache[hashable_env] = _get_setup_information(\n                                             ^^^^^^^^^^^^^^^^^^^^^^^\n  File "/usr/lib/python3/dist-packages/colcon_python_setup_py/package_identification/python_setup_py.py", line 288, in _get_setup_information\n    result = subprocess.run(\n             ^^^^^^^^^^^^^^^\n  File "/usr/lib/python3.12/subprocess.py", line 571, in run\n    raise CalledProcessError(retcode, process.args,\nsubprocess.CalledProcessError: Command \'[\'/usr/bin/python3\', \'-c\', \'import sys;from contextlib import suppress;exec("with suppress(ImportError):    from setuptools.extern.packaging.specifiers    import SpecifierSet");exec("with suppress(ImportError):    from packaging.specifiers import SpecifierSet");from distutils.core import run_setup;dist = run_setup(    \\\'setup.py\\\', script_args=(\\\'--dry-run\\\',), stop_after=\\\'config\\\');skip_keys = (\\\'cmdclass\\\', \\\'distclass\\\', \\\'ext_modules\\\', \\\'metadata\\\');data = {    key: value for key, value in dist.__dict__.items()     if (        not key.startswith(\\\'_\\\') and         not callable(value) and         key not in skip_keys and         key not in dist.display_option_names    )};data[\\\'metadata\\\'] = {    k: v for k, v in dist.metadata.__dict__.items()     if k not in (\\\'license_files\\\', \\\'provides_extras\\\')};sys.stdout.buffer.write(repr(data).encode(\\\'utf-8\\\'))\']\' returned non-zero exit status 1.\n'}
[2.127610] (intro_to_ros) JobEnded: {'identifier': 'intro_to_ros', 'rc': 1}
[2.133235] (-) EventReactorShutdown: {}
