[5.574s] Invoking command in '/home/joshuatang/auvc_ws/src/intro_to_ros/build/intro_to_ros': PYTHONPATH=/home/joshuatang/auvc_ws/src/intro_to_ros/build/intro_to_ros/prefix_override:/usr/lib/python3/dist-packages/colcon_core/task/python/colcon_distutils_commands:/home/joshuatang/auvc_ws/src/intro_to_ros/install/intro_to_ros/lib/python3.12/site-packages:${PYTHONPATH} /usr/bin/python3 -W ignore:setup.py install is deprecated setup.py develop --editable --build-directory /home/joshuatang/auvc_ws/src/intro_to_ros/build/intro_to_ros/build --no-deps symlink_data
[7.805s] running develop
[7.806s] /usr/lib/python3/dist-packages/setuptools/command/develop.py:40: EasyInstallDeprecationWarning: easy_install command is deprecated.
[7.806s] !!
[7.807s] 
[7.807s]         ********************************************************************************
[7.809s]         Please avoid running ``setup.py`` and ``easy_install``.
[7.810s]         Instead, use pypa/build, pypa/installer or other
[7.810s]         standards-based tools.
[7.811s] 
[7.812s]         See https://github.com/pypa/setuptools/issues/917 for details.
[7.812s]         ********************************************************************************
[7.813s] 
[7.814s] !!
[7.814s]   easy_install.initialize_options(self)
[9.492s] running egg_info
[9.641s] writing intro_to_ros.egg-info/PKG-INFO
[9.643s] writing dependency_links to intro_to_ros.egg-info/dependency_links.txt
[9.647s] writing entry points to intro_to_ros.egg-info/entry_points.txt
[9.648s] writing requirements to intro_to_ros.egg-info/requires.txt
[9.651s] writing top-level names to intro_to_ros.egg-info/top_level.txt
[9.967s] reading manifest file 'intro_to_ros.egg-info/SOURCES.txt'
[9.971s] writing manifest file 'intro_to_ros.egg-info/SOURCES.txt'
[10.113s] running build_ext
[10.115s] Creating /home/joshuatang/auvc_ws/src/intro_to_ros/install/intro_to_ros/lib/python3.12/site-packages/intro-to-ros.egg-link (link to .)
[10.118s] Installing bluerov2_sensors script to /home/joshuatang/auvc_ws/src/intro_to_ros/install/intro_to_ros/lib/intro_to_ros
[10.121s] Installing publisher script to /home/joshuatang/auvc_ws/src/intro_to_ros/install/intro_to_ros/lib/intro_to_ros
[10.121s] 
[10.122s] Installed /home/joshuatang/auvc_ws/src/intro_to_ros/build/intro_to_ros
[10.130s] running symlink_data
[10.346s] Invoked command in '/home/joshuatang/auvc_ws/src/intro_to_ros/build/intro_to_ros' returned '0': PYTHONPATH=/home/joshuatang/auvc_ws/src/intro_to_ros/build/intro_to_ros/prefix_override:/usr/lib/python3/dist-packages/colcon_core/task/python/colcon_distutils_commands:/home/joshuatang/auvc_ws/src/intro_to_ros/install/intro_to_ros/lib/python3.12/site-packages:${PYTHONPATH} /usr/bin/python3 -W ignore:setup.py install is deprecated setup.py develop --editable --build-directory /home/joshuatang/auvc_ws/src/intro_to_ros/build/intro_to_ros/build --no-deps symlink_data
