[4.894s] Invoking command in '/home/joshuatang/auvc_ws/src/intro_to_ros/build/intro_to_ros': PYTHONPATH=/home/joshuatang/auvc_ws/src/intro_to_ros/build/intro_to_ros/prefix_override:/usr/lib/python3/dist-packages/colcon_core/task/python/colcon_distutils_commands:/home/joshuatang/auvc_ws/src/intro_to_ros/install/intro_to_ros/lib/python3.12/site-packages:${PYTHONPATH} /usr/bin/python3 -W ignore:setup.py install is deprecated setup.py develop --editable --build-directory /home/joshuatang/auvc_ws/src/intro_to_ros/build/intro_to_ros/build --no-deps symlink_data
[6.569s] running develop
[6.571s] /usr/lib/python3/dist-packages/setuptools/command/develop.py:40: EasyInstallDeprecationWarning: easy_install command is deprecated.
[6.571s] !!
[6.572s] 
[6.572s]         ********************************************************************************
[6.573s]         Please avoid running ``setup.py`` and ``easy_install``.
[6.573s]         Instead, use pypa/build, pypa/installer or other
[6.574s]         standards-based tools.
[6.574s] 
[6.574s]         See https://github.com/pypa/setuptools/issues/917 for details.
[6.575s]         ********************************************************************************
[6.575s] 
[6.576s] !!
[6.576s]   easy_install.initialize_options(self)
[7.763s] running egg_info
[7.764s] creating intro_to_ros.egg-info
[7.876s] writing intro_to_ros.egg-info/PKG-INFO
[7.877s] writing dependency_links to intro_to_ros.egg-info/dependency_links.txt
[7.878s] writing entry points to intro_to_ros.egg-info/entry_points.txt
[7.879s] writing requirements to intro_to_ros.egg-info/requires.txt
[7.880s] writing top-level names to intro_to_ros.egg-info/top_level.txt
[7.881s] writing manifest file 'intro_to_ros.egg-info/SOURCES.txt'
[8.101s] reading manifest file 'intro_to_ros.egg-info/SOURCES.txt'
[8.104s] writing manifest file 'intro_to_ros.egg-info/SOURCES.txt'
[8.210s] running build_ext
[8.211s] Creating /home/joshuatang/auvc_ws/src/intro_to_ros/install/intro_to_ros/lib/python3.12/site-packages/intro-to-ros.egg-link (link to .)
[8.213s] Installing bluerov2_sensors script to /home/joshuatang/auvc_ws/src/intro_to_ros/install/intro_to_ros/lib/intro_to_ros
[8.215s] Installing publisher script to /home/joshuatang/auvc_ws/src/intro_to_ros/install/intro_to_ros/lib/intro_to_ros
[8.217s] 
[8.217s] Installed /home/joshuatang/auvc_ws/src/intro_to_ros/build/intro_to_ros
[8.218s] running symlink_data
[8.219s] creating /home/joshuatang/auvc_ws/src/intro_to_ros/install/intro_to_ros/share/ament_index
[8.219s] creating /home/joshuatang/auvc_ws/src/intro_to_ros/install/intro_to_ros/share/ament_index/resource_index
[8.220s] creating /home/joshuatang/auvc_ws/src/intro_to_ros/install/intro_to_ros/share/ament_index/resource_index/packages
[8.222s] symbolically linking /home/joshuatang/auvc_ws/src/intro_to_ros/build/intro_to_ros/resource/intro_to_ros -> /home/joshuatang/auvc_ws/src/intro_to_ros/install/intro_to_ros/share/ament_index/resource_index/packages
[8.223s] symbolically linking /home/joshuatang/auvc_ws/src/intro_to_ros/build/intro_to_ros/package.xml -> /home/joshuatang/auvc_ws/src/intro_to_ros/install/intro_to_ros/share/intro_to_ros
[8.389s] Invoked command in '/home/joshuatang/auvc_ws/src/intro_to_ros/build/intro_to_ros' returned '0': PYTHONPATH=/home/joshuatang/auvc_ws/src/intro_to_ros/build/intro_to_ros/prefix_override:/usr/lib/python3/dist-packages/colcon_core/task/python/colcon_distutils_commands:/home/joshuatang/auvc_ws/src/intro_to_ros/install/intro_to_ros/lib/python3.12/site-packages:${PYTHONPATH} /usr/bin/python3 -W ignore:setup.py install is deprecated setup.py develop --editable --build-directory /home/joshuatang/auvc_ws/src/intro_to_ros/build/intro_to_ros/build --no-deps symlink_data
