[0.000000] (-) TimerEvent: {}
[0.002448] (intro_to_ros) JobQueued: {'identifier': 'intro_to_ros', 'dependencies': OrderedDict()}
[0.003436] (intro_to_ros) JobStarted: {'identifier': 'intro_to_ros'}
[0.098914] (-) TimerEvent: {}
[0.201406] (-) TimerEvent: {}
[0.302215] (-) TimerEvent: {}
[0.403407] (-) TimerEvent: {}
[0.504127] (-) TimerEvent: {}
[0.605375] (-) TimerEvent: {}
[0.706388] (-) TimerEvent: {}
[0.808245] (-) TimerEvent: {}
[0.908856] (-) TimerEvent: {}
[1.010648] (-) TimerEvent: {}
[1.111674] (-) TimerEvent: {}
[1.213877] (-) TimerEvent: {}
[1.314697] (-) TimerEvent: {}
[1.415491] (-) TimerEvent: {}
[1.516341] (-) TimerEvent: {}
[1.618580] (-) TimerEvent: {}
[1.624134] (intro_to_ros) StderrLine: {'line': b'Traceback (most recent call last):\n  File "/usr/lib/python3/dist-packages/colcon_core/executor/__init__.py", line 91, in __call__\n    rc = await self.task(*args, **kwargs)\n         ^^^^^^^^^^^^^^^^^^^^^^^^^^^^^^^^\n  File "/usr/lib/python3/dist-packages/colcon_core/task/__init__.py", line 93, in __call__\n    return await task_method(*args, **kwargs)\n           ^^^^^^^^^^^^^^^^^^^^^^^^^^^^^^^^^^\n  File "/usr/lib/python3/dist-packages/colcon_ros/task/ament_python/build.py", line 51, in build\n    setup_py_data = get_setup_data(self.context.pkg, env)\n                    ^^^^^^^^^^^^^^^^^^^^^^^^^^^^^^^^^^^^^\n  File "/usr/lib/python3/dist-packages/colcon_core/task/python/__init__.py", line 20, in get_setup_data\n    return dict(pkg.metadata[key](env))\n                ^^^^^^^^^^^^^^^^^^^^^^\n  File "/usr/lib/python3/dist-packages/colcon_ros/package_augmentation/ros_ament_python.py", line 57, in getter\n    return get_setup_information(\n           ^^^^^^^^^^^^^^^^^^^^^^\n  File "/usr/lib/python3/dist-packages/colcon_python_setup_py/package_identification/python_setup_py.py", line 241, in get_setup_information\n    _setup_information_cache[hashable_env] = _get_setup_information(\n                                             ^^^^^^^^^^^^^^^^^^^^^^^\n  File "/usr/lib/python3/dist-packages/colcon_python_setup_py/package_identification/python_setup_py.py", line 288, in _get_setup_information\n    result = subprocess.run(\n             ^^^^^^^^^^^^^^^\n  File "/usr/lib/python3.12/subprocess.py", line 571, in run\n    raise CalledProcessError(retcode, process.args,\nsubprocess.CalledProcessError: Command \'[\'/usr/bin/python3\', \'-c\', \'import sys;from contextlib import suppress;exec("with suppress(ImportError):    from setuptools.extern.packaging.specifiers    import SpecifierSet");exec("with suppress(ImportError):    from packaging.specifiers import SpecifierSet");from distutils.core import run_setup;dist = run_setup(    \\\'setup.py\\\', script_args=(\\\'--dry-run\\\',), stop_after=\\\'config\\\');skip_keys = (\\\'cmdclass\\\', \\\'distclass\\\', \\\'ext_modules\\\', \\\'metadata\\\');data = {    key: value for key, value in dist.__dict__.items()     if (        not key.startswith(\\\'_\\\') and         not callable(value) and         key not in skip_keys and         key not in dist.display_option_names    )};data[\\\'metadata\\\'] = {    k: v for k, v in dist.metadata.__dict__.items()     if k not in (\\\'license_files\\\', \\\'provides_extras\\\')};sys.stdout.buffer.write(repr(data).encode(\\\'utf-8\\\'))\']\' returned non-zero exit status 1.\n'}
[1.626905] (intro_to_ros) JobEnded: {'identifier': 'intro_to_ros', 'rc': 1}
[1.636154] (-) EventReactorShutdown: {}
