[0.653s] DEBUG:colcon:Command line arguments: ['/usr/bin/colcon', 'build', '--packages-select', 'intro_to_ros', '--symlink-install']
[0.653s] DEBUG:colcon:Parsed command line arguments: Namespace(log_base=None, log_level=None, verb_name='build', build_base='build', install_base='install', merge_install=False, symlink_install=True, test_result_base=None, continue_on_error=False, executor='parallel', parallel_workers=4, event_handlers=None, ignore_user_meta=False, metas=['./colcon.meta'], base_paths=['.'], packages_ignore=None, packages_ignore_regex=None, paths=None, packages_up_to=None, packages_up_to_regex=None, packages_above=None, packages_above_and_dependencies=None, packages_above_depth=None, packages_select_by_dep=None, packages_skip_by_dep=None, packages_skip_up_to=None, packages_select_build_failed=False, packages_skip_build_finished=False, packages_select_test_failures=False, packages_skip_test_passed=False, packages_select=['intro_to_ros'], packages_skip=None, packages_select_regex=None, packages_skip_regex=None, packages_start=None, packages_end=None, allow_overriding=[], cmake_args=None, cmake_target=None, cmake_target_skip_unavailable=False, cmake_clean_cache=False, cmake_clean_first=False, cmake_force_configure=False, ament_cmake_args=None, catkin_cmake_args=None, catkin_skip_building_tests=False, mixin_files=None, mixin=None, verb_parser=<colcon_mixin.mixin.mixin_argument.MixinArgumentDecorator object at 0xffffa1702300>, verb_extension=<colcon_core.verb.build.BuildVerb object at 0xffffa18b86e0>, main=<bound method BuildVerb.main of <colcon_core.verb.build.BuildVerb object at 0xffffa18b86e0>>, mixin_verb=('build',))
[0.862s] Level 1:colcon.colcon_core.package_discovery:discover_packages(colcon_meta) check parameters
[0.863s] Level 1:colcon.colcon_core.package_discovery:discover_packages(recursive) check parameters
[0.863s] Level 1:colcon.colcon_core.package_discovery:discover_packages(ignore) check parameters
[0.863s] Level 1:colcon.colcon_core.package_discovery:discover_packages(path) check parameters
[0.864s] Level 1:colcon.colcon_core.package_discovery:discover_packages(colcon_meta) discover
[0.864s] Level 1:colcon.colcon_core.package_discovery:discover_packages(recursive) discover
[0.864s] INFO:colcon.colcon_core.package_discovery:Crawling recursively for packages in '/home/joshuatang/auvc_ws/src/intro_to_ros'
[0.865s] Level 1:colcon.colcon_core.package_identification:_identify(.) by extensions ['ignore', 'ignore_ament_install']
[0.866s] Level 1:colcon.colcon_core.package_identification:_identify(.) by extension 'ignore'
[0.866s] Level 1:colcon.colcon_core.package_identification:_identify(.) by extension 'ignore_ament_install'
[0.868s] Level 1:colcon.colcon_core.package_identification:_identify(.) by extensions ['colcon_pkg']
[0.868s] Level 1:colcon.colcon_core.package_identification:_identify(.) by extension 'colcon_pkg'
[0.869s] Level 1:colcon.colcon_core.package_identification:_identify(.) by extensions ['colcon_meta']
[0.869s] Level 1:colcon.colcon_core.package_identification:_identify(.) by extension 'colcon_meta'
[0.869s] Level 1:colcon.colcon_core.package_identification:_identify(.) by extensions ['ros']
[0.869s] Level 1:colcon.colcon_core.package_identification:_identify(.) by extension 'ros'
[1.000s] DEBUG:colcon.colcon_core.package_identification:Package '.' with type 'ros.ament_python' and name 'intro_to_ros'
[1.000s] Level 1:colcon.colcon_core.package_discovery:discover_packages(recursive) using defaults
[1.000s] Level 1:colcon.colcon_core.package_discovery:discover_packages(ignore) discover
[1.001s] Level 1:colcon.colcon_core.package_discovery:discover_packages(ignore) using defaults
[1.001s] Level 1:colcon.colcon_core.package_discovery:discover_packages(path) discover
[1.001s] Level 1:colcon.colcon_core.package_discovery:discover_packages(path) using defaults
[1.084s] Level 1:colcon.colcon_core.package_discovery:discover_packages(prefix_path) check parameters
[1.084s] Level 1:colcon.colcon_core.package_discovery:discover_packages(prefix_path) discover
[1.097s] DEBUG:colcon.colcon_installed_package_information.package_discovery:Found 1 installed packages in /home/joshuatang/auvc_ws/install
[1.107s] DEBUG:colcon.colcon_installed_package_information.package_discovery:Found 257 installed packages in /opt/ros/jazzy
[1.111s] Level 1:colcon.colcon_core.package_discovery:discover_packages(prefix_path) using defaults
[1.322s] Level 5:colcon.colcon_core.verb:set package 'intro_to_ros' build argument 'cmake_args' from command line to 'None'
[1.322s] Level 5:colcon.colcon_core.verb:set package 'intro_to_ros' build argument 'cmake_target' from command line to 'None'
[1.323s] Level 5:colcon.colcon_core.verb:set package 'intro_to_ros' build argument 'cmake_target_skip_unavailable' from command line to 'False'
[1.323s] Level 5:colcon.colcon_core.verb:set package 'intro_to_ros' build argument 'cmake_clean_cache' from command line to 'False'
[1.323s] Level 5:colcon.colcon_core.verb:set package 'intro_to_ros' build argument 'cmake_clean_first' from command line to 'False'
[1.323s] Level 5:colcon.colcon_core.verb:set package 'intro_to_ros' build argument 'cmake_force_configure' from command line to 'False'
[1.323s] Level 5:colcon.colcon_core.verb:set package 'intro_to_ros' build argument 'ament_cmake_args' from command line to 'None'
[1.323s] Level 5:colcon.colcon_core.verb:set package 'intro_to_ros' build argument 'catkin_cmake_args' from command line to 'None'
[1.323s] Level 5:colcon.colcon_core.verb:set package 'intro_to_ros' build argument 'catkin_skip_building_tests' from command line to 'False'
[1.324s] DEBUG:colcon.colcon_core.verb:Building package 'intro_to_ros' with the following arguments: {'ament_cmake_args': None, 'build_base': '/home/joshuatang/auvc_ws/src/intro_to_ros/build/intro_to_ros', 'catkin_cmake_args': None, 'catkin_skip_building_tests': False, 'cmake_args': None, 'cmake_clean_cache': False, 'cmake_clean_first': False, 'cmake_force_configure': False, 'cmake_target': None, 'cmake_target_skip_unavailable': False, 'install_base': '/home/joshuatang/auvc_ws/src/intro_to_ros/install/intro_to_ros', 'merge_install': False, 'path': '/home/joshuatang/auvc_ws/src/intro_to_ros', 'symlink_install': True, 'test_result_base': None}
[1.324s] INFO:colcon.colcon_core.executor:Executing jobs using 'parallel' executor
[1.328s] DEBUG:colcon.colcon_parallel_executor.executor.parallel:run_until_complete
[1.329s] INFO:colcon.colcon_ros.task.ament_python.build:Building ROS package in '/home/joshuatang/auvc_ws/src/intro_to_ros' with build type 'ament_python'
[1.330s] Level 1:colcon.colcon_core.shell:create_environment_hook('intro_to_ros', 'ament_prefix_path')
[1.345s] INFO:colcon.colcon_core.plugin_system:Skipping extension 'colcon_core.shell.bat': Not used on non-Windows systems
[1.347s] INFO:colcon.colcon_core.shell:Creating environment hook '/home/joshuatang/auvc_ws/src/intro_to_ros/install/intro_to_ros/share/intro_to_ros/hook/ament_prefix_path.ps1'
[1.350s] INFO:colcon.colcon_core.shell:Creating environment descriptor '/home/joshuatang/auvc_ws/src/intro_to_ros/install/intro_to_ros/share/intro_to_ros/hook/ament_prefix_path.dsv'
[1.353s] INFO:colcon.colcon_core.shell:Creating environment hook '/home/joshuatang/auvc_ws/src/intro_to_ros/install/intro_to_ros/share/intro_to_ros/hook/ament_prefix_path.sh'
[1.357s] INFO:colcon.colcon_core.shell:Skip shell extension 'powershell' for command environment: Not usable outside of PowerShell
[1.357s] DEBUG:colcon.colcon_core.shell:Skip shell extension 'dsv' for command environment
[2.802s] INFO:colcon.colcon_core.task.python.build:Building Python package in '/home/joshuatang/auvc_ws/src/intro_to_ros'
[2.803s] INFO:colcon.colcon_core.shell:Skip shell extension 'powershell' for command environment: Not usable outside of PowerShell
[2.804s] DEBUG:colcon.colcon_core.shell:Skip shell extension 'dsv' for command environment
[6.910s] DEBUG:colcon.colcon_core.event_handler.log_command:Invoking command in '/home/joshuatang/auvc_ws/src/intro_to_ros/build/intro_to_ros': PYTHONPATH=/home/joshuatang/auvc_ws/src/intro_to_ros/build/intro_to_ros/prefix_override:/usr/lib/python3/dist-packages/colcon_core/task/python/colcon_distutils_commands:/home/joshuatang/auvc_ws/src/intro_to_ros/install/intro_to_ros/lib/python3.12/site-packages:${PYTHONPATH} /usr/bin/python3 -W ignore:setup.py install is deprecated setup.py develop --editable --build-directory /home/joshuatang/auvc_ws/src/intro_to_ros/build/intro_to_ros/build --no-deps symlink_data
[11.741s] Level 1:colcon.colcon_core.shell:create_environment_hook('intro_to_ros', 'pythonpath_develop')
[11.743s] INFO:colcon.colcon_core.shell:Creating environment hook '/home/joshuatang/auvc_ws/src/intro_to_ros/build/intro_to_ros/share/intro_to_ros/hook/pythonpath_develop.ps1'
[11.745s] DEBUG:colcon.colcon_core.event_handler.log_command:Invoked command in '/home/joshuatang/auvc_ws/src/intro_to_ros/build/intro_to_ros' returned '0': PYTHONPATH=/home/joshuatang/auvc_ws/src/intro_to_ros/build/intro_to_ros/prefix_override:/usr/lib/python3/dist-packages/colcon_core/task/python/colcon_distutils_commands:/home/joshuatang/auvc_ws/src/intro_to_ros/install/intro_to_ros/lib/python3.12/site-packages:${PYTHONPATH} /usr/bin/python3 -W ignore:setup.py install is deprecated setup.py develop --editable --build-directory /home/joshuatang/auvc_ws/src/intro_to_ros/build/intro_to_ros/build --no-deps symlink_data
[11.747s] INFO:colcon.colcon_core.shell:Creating environment descriptor '/home/joshuatang/auvc_ws/src/intro_to_ros/build/intro_to_ros/share/intro_to_ros/hook/pythonpath_develop.dsv'
[11.749s] INFO:colcon.colcon_core.shell:Creating environment hook '/home/joshuatang/auvc_ws/src/intro_to_ros/build/intro_to_ros/share/intro_to_ros/hook/pythonpath_develop.sh'
[11.766s] Level 1:colcon.colcon_core.environment:checking '/home/joshuatang/auvc_ws/src/intro_to_ros/install/intro_to_ros' for CMake module files
[11.769s] Level 1:colcon.colcon_core.environment:checking '/home/joshuatang/auvc_ws/src/intro_to_ros/install/intro_to_ros' for CMake config files
[11.773s] Level 1:colcon.colcon_core.environment:checking '/home/joshuatang/auvc_ws/src/intro_to_ros/install/intro_to_ros/lib'
[11.774s] Level 1:colcon.colcon_core.environment:checking '/home/joshuatang/auvc_ws/src/intro_to_ros/install/intro_to_ros/bin'
[11.775s] Level 1:colcon.colcon_core.environment:checking '/home/joshuatang/auvc_ws/src/intro_to_ros/install/intro_to_ros/lib/pkgconfig/intro_to_ros.pc'
[11.776s] Level 1:colcon.colcon_core.environment:checking '/home/joshuatang/auvc_ws/src/intro_to_ros/install/intro_to_ros/lib/python3.12/site-packages'
[11.776s] Level 1:colcon.colcon_core.shell:create_environment_hook('intro_to_ros', 'pythonpath')
[11.777s] INFO:colcon.colcon_core.shell:Creating environment hook '/home/joshuatang/auvc_ws/src/intro_to_ros/install/intro_to_ros/share/intro_to_ros/hook/pythonpath.ps1'
[11.779s] INFO:colcon.colcon_core.shell:Creating environment descriptor '/home/joshuatang/auvc_ws/src/intro_to_ros/install/intro_to_ros/share/intro_to_ros/hook/pythonpath.dsv'
[11.781s] INFO:colcon.colcon_core.shell:Creating environment hook '/home/joshuatang/auvc_ws/src/intro_to_ros/install/intro_to_ros/share/intro_to_ros/hook/pythonpath.sh'
[11.784s] Level 1:colcon.colcon_core.environment:checking '/home/joshuatang/auvc_ws/src/intro_to_ros/install/intro_to_ros/bin'
[11.785s] Level 1:colcon.colcon_core.environment:create_environment_scripts_only(intro_to_ros)
[11.786s] INFO:colcon.colcon_core.shell:Creating package script '/home/joshuatang/auvc_ws/src/intro_to_ros/install/intro_to_ros/share/intro_to_ros/package.ps1'
[11.789s] INFO:colcon.colcon_core.shell:Creating package descriptor '/home/joshuatang/auvc_ws/src/intro_to_ros/install/intro_to_ros/share/intro_to_ros/package.dsv'
[11.792s] INFO:colcon.colcon_core.shell:Creating package script '/home/joshuatang/auvc_ws/src/intro_to_ros/install/intro_to_ros/share/intro_to_ros/package.sh'
[11.797s] INFO:colcon.colcon_core.shell:Creating package script '/home/joshuatang/auvc_ws/src/intro_to_ros/install/intro_to_ros/share/intro_to_ros/package.bash'
[11.800s] INFO:colcon.colcon_core.shell:Creating package script '/home/joshuatang/auvc_ws/src/intro_to_ros/install/intro_to_ros/share/intro_to_ros/package.zsh'
[11.803s] Level 1:colcon.colcon_core.environment:create_file_with_runtime_dependencies(/home/joshuatang/auvc_ws/src/intro_to_ros/install/intro_to_ros/share/colcon-core/packages/intro_to_ros)
[11.805s] DEBUG:colcon.colcon_parallel_executor.executor.parallel:closing loop
[11.807s] DEBUG:colcon.colcon_parallel_executor.executor.parallel:loop closed
[11.807s] DEBUG:colcon.colcon_parallel_executor.executor.parallel:run_until_complete finished with '0'
[11.808s] DEBUG:colcon.colcon_core.event_reactor:joining thread
[11.840s] INFO:colcon.colcon_core.plugin_system:Skipping extension 'colcon_notification.desktop_notification.notify_send': Could not find 'notify-send'
[11.841s] INFO:colcon.colcon_core.plugin_system:Skipping extension 'colcon_notification.desktop_notification.terminal_notifier': Not used on non-Darwin systems
[11.841s] INFO:colcon.colcon_core.plugin_system:Skipping extension 'colcon_notification.desktop_notification.win32': Not used on non-Windows systems
[11.842s] INFO:colcon.colcon_notification.desktop_notification:Sending desktop notification using 'notify2'
[11.848s] DEBUG:colcon.colcon_notification.desktop_notification.notify2:Failed to initialize notify2: org.freedesktop.DBus.Error.ServiceUnknown: The name org.freedesktop.Notifications was not provided by any .service files
[11.849s] DEBUG:colcon.colcon_core.event_reactor:joined thread
[11.850s] INFO:colcon.colcon_core.shell:Creating prefix script '/home/joshuatang/auvc_ws/src/intro_to_ros/install/local_setup.ps1'
[11.855s] INFO:colcon.colcon_core.shell:Creating prefix util module '/home/joshuatang/auvc_ws/src/intro_to_ros/install/_local_setup_util_ps1.py'
[11.863s] INFO:colcon.colcon_core.shell:Creating prefix chain script '/home/joshuatang/auvc_ws/src/intro_to_ros/install/setup.ps1'
[11.869s] INFO:colcon.colcon_core.shell:Creating prefix script '/home/joshuatang/auvc_ws/src/intro_to_ros/install/local_setup.sh'
[11.873s] INFO:colcon.colcon_core.shell:Creating prefix util module '/home/joshuatang/auvc_ws/src/intro_to_ros/install/_local_setup_util_sh.py'
[11.877s] INFO:colcon.colcon_core.shell:Creating prefix chain script '/home/joshuatang/auvc_ws/src/intro_to_ros/install/setup.sh'
[11.883s] INFO:colcon.colcon_core.shell:Creating prefix script '/home/joshuatang/auvc_ws/src/intro_to_ros/install/local_setup.bash'
[11.887s] INFO:colcon.colcon_core.shell:Creating prefix chain script '/home/joshuatang/auvc_ws/src/intro_to_ros/install/setup.bash'
[11.895s] INFO:colcon.colcon_core.shell:Creating prefix script '/home/joshuatang/auvc_ws/src/intro_to_ros/install/local_setup.zsh'
[11.897s] INFO:colcon.colcon_core.shell:Creating prefix chain script '/home/joshuatang/auvc_ws/src/intro_to_ros/install/setup.zsh'
