[5.490s] Invoking command in '/home/joshuatang/auvc_ws/src/intro_to_ros/build/intro_to_ros': PYTHONPATH=/home/joshuatang/auvc_ws/src/intro_to_ros/build/intro_to_ros/prefix_override:/usr/lib/python3/dist-packages/colcon_core/task/python/colcon_distutils_commands:/home/joshuatang/auvc_ws/src/intro_to_ros/install/intro_to_ros/lib/python3.12/site-packages:${PYTHONPATH} /usr/bin/python3 -W ignore:setup.py install is deprecated setup.py develop --editable --build-directory /home/joshuatang/auvc_ws/src/intro_to_ros/build/intro_to_ros/build --no-deps symlink_data
[7.729s] running develop
[7.730s] /usr/lib/python3/dist-packages/setuptools/command/develop.py:40: EasyInstallDeprecationWarning: easy_install command is deprecated.
[7.730s] !!
[7.731s] 
[7.731s]         ********************************************************************************
[7.732s]         Please avoid running ``setup.py`` and ``easy_install``.
[7.732s]         Instead, use pypa/build, pypa/installer or other
[7.733s]         standards-based tools.
[7.733s] 
[7.734s]         See https://github.com/pypa/setuptools/issues/917 for details.
[7.734s]         ********************************************************************************
[7.735s] 
[7.735s] !!
[7.736s]   easy_install.initialize_options(self)
[9.388s] running egg_info
[9.558s] writing intro_to_ros.egg-info/PKG-INFO
[9.559s] writing dependency_links to intro_to_ros.egg-info/dependency_links.txt
[9.562s] writing entry points to intro_to_ros.egg-info/entry_points.txt
[9.564s] writing requirements to intro_to_ros.egg-info/requires.txt
[9.564s] writing top-level names to intro_to_ros.egg-info/top_level.txt
[9.881s] reading manifest file 'intro_to_ros.egg-info/SOURCES.txt'
[9.884s] writing manifest file 'intro_to_ros.egg-info/SOURCES.txt'
[10.046s] running build_ext
[10.047s] Creating /home/joshuatang/auvc_ws/src/intro_to_ros/install/intro_to_ros/lib/python3.12/site-packages/intro-to-ros.egg-link (link to .)
[10.051s] Installing bluerov2_sensors script to /home/joshuatang/auvc_ws/src/intro_to_ros/install/intro_to_ros/lib/intro_to_ros
[10.052s] Installing publisher script to /home/joshuatang/auvc_ws/src/intro_to_ros/install/intro_to_ros/lib/intro_to_ros
[10.053s] 
[10.053s] Installed /home/joshuatang/auvc_ws/src/intro_to_ros/build/intro_to_ros
[10.055s] running symlink_data
[10.269s] Invoked command in '/home/joshuatang/auvc_ws/src/intro_to_ros/build/intro_to_ros' returned '0': PYTHONPATH=/home/joshuatang/auvc_ws/src/intro_to_ros/build/intro_to_ros/prefix_override:/usr/lib/python3/dist-packages/colcon_core/task/python/colcon_distutils_commands:/home/joshuatang/auvc_ws/src/intro_to_ros/install/intro_to_ros/lib/python3.12/site-packages:${PYTHONPATH} /usr/bin/python3 -W ignore:setup.py install is deprecated setup.py develop --editable --build-directory /home/joshuatang/auvc_ws/src/intro_to_ros/build/intro_to_ros/build --no-deps symlink_data
