[4.177s] Invoking command in '/home/joshuatang/auvc_ws/src/intro_to_ros/build/intro_to_ros': PYTHONPATH=/home/joshuatang/auvc_ws/src/intro_to_ros/build/intro_to_ros/prefix_override:/usr/lib/python3/dist-packages/colcon_core/task/python/colcon_distutils_commands:/home/joshuatang/auvc_ws/src/intro_to_ros/install/intro_to_ros/lib/python3.12/site-packages:${PYTHONPATH} /usr/bin/python3 -W ignore:setup.py install is deprecated setup.py develop --editable --build-directory /home/joshuatang/auvc_ws/src/intro_to_ros/build/intro_to_ros/build --no-deps symlink_data
[5.855s] running develop
[5.856s] /usr/lib/python3/dist-packages/setuptools/command/develop.py:40: EasyInstallDeprecationWarning: easy_install command is deprecated.
[5.857s] !!
[5.857s] 
[5.857s]         ********************************************************************************
[5.858s]         Please avoid running ``setup.py`` and ``easy_install``.
[5.858s]         Instead, use pypa/build, pypa/installer or other
[5.859s]         standards-based tools.
[5.859s] 
[5.860s]         See https://github.com/pypa/setuptools/issues/917 for details.
[5.860s]         ********************************************************************************
[5.861s] 
[5.861s] !!
[5.862s]   easy_install.initialize_options(self)
[6.998s] running egg_info
[7.106s] writing intro_to_ros.egg-info/PKG-INFO
[7.108s] writing dependency_links to intro_to_ros.egg-info/dependency_links.txt
[7.110s] writing entry points to intro_to_ros.egg-info/entry_points.txt
[7.110s] writing requirements to intro_to_ros.egg-info/requires.txt
[7.111s] writing top-level names to intro_to_ros.egg-info/top_level.txt
[7.321s] reading manifest file 'intro_to_ros.egg-info/SOURCES.txt'
[7.324s] writing manifest file 'intro_to_ros.egg-info/SOURCES.txt'
[7.432s] running build_ext
[7.432s] Creating /home/joshuatang/auvc_ws/src/intro_to_ros/install/intro_to_ros/lib/python3.12/site-packages/intro-to-ros.egg-link (link to .)
[7.435s] Installing bluerov2_sensors script to /home/joshuatang/auvc_ws/src/intro_to_ros/install/intro_to_ros/lib/intro_to_ros
[7.436s] Installing publisher script to /home/joshuatang/auvc_ws/src/intro_to_ros/install/intro_to_ros/lib/intro_to_ros
[7.437s] 
[7.438s] Installed /home/joshuatang/auvc_ws/src/intro_to_ros/build/intro_to_ros
[7.438s] running symlink_data
[7.607s] Invoked command in '/home/joshuatang/auvc_ws/src/intro_to_ros/build/intro_to_ros' returned '0': PYTHONPATH=/home/joshuatang/auvc_ws/src/intro_to_ros/build/intro_to_ros/prefix_override:/usr/lib/python3/dist-packages/colcon_core/task/python/colcon_distutils_commands:/home/joshuatang/auvc_ws/src/intro_to_ros/install/intro_to_ros/lib/python3.12/site-packages:${PYTHONPATH} /usr/bin/python3 -W ignore:setup.py install is deprecated setup.py develop --editable --build-directory /home/joshuatang/auvc_ws/src/intro_to_ros/build/intro_to_ros/build --no-deps symlink_data
