[5.579s] Invoking command in '/home/joshuatang/auvc_ws/src/intro_to_ros/build/intro_to_ros': PYTHONPATH=/home/joshuatang/auvc_ws/src/intro_to_ros/build/intro_to_ros/prefix_override:/usr/lib/python3/dist-packages/colcon_core/task/python/colcon_distutils_commands:/home/joshuatang/auvc_ws/src/intro_to_ros/install/intro_to_ros/lib/python3.12/site-packages:${PYTHONPATH} /usr/bin/python3 -W ignore:setup.py install is deprecated setup.py develop --editable --build-directory /home/joshuatang/auvc_ws/src/intro_to_ros/build/intro_to_ros/build --no-deps symlink_data
[7.879s] running develop
[7.879s] /usr/lib/python3/dist-packages/setuptools/command/develop.py:40: EasyInstallDeprecationWarning: easy_install command is deprecated.
[7.880s] !!
[7.880s] 
[7.881s]         ********************************************************************************
[7.882s]         Please avoid running ``setup.py`` and ``easy_install``.
[7.882s]         Instead, use pypa/build, pypa/installer or other
[7.883s]         standards-based tools.
[7.883s] 
[7.884s]         See https://github.com/pypa/setuptools/issues/917 for details.
[7.884s]         ********************************************************************************
[7.885s] 
[7.885s] !!
[7.886s]   easy_install.initialize_options(self)
[9.528s] running egg_info
[9.687s] writing intro_to_ros.egg-info/PKG-INFO
[9.688s] writing dependency_links to intro_to_ros.egg-info/dependency_links.txt
[9.689s] writing entry points to intro_to_ros.egg-info/entry_points.txt
[9.690s] writing requirements to intro_to_ros.egg-info/requires.txt
[9.692s] writing top-level names to intro_to_ros.egg-info/top_level.txt
[10.019s] reading manifest file 'intro_to_ros.egg-info/SOURCES.txt'
[10.020s] writing manifest file 'intro_to_ros.egg-info/SOURCES.txt'
[10.179s] running build_ext
[10.180s] Creating /home/joshuatang/auvc_ws/src/intro_to_ros/install/intro_to_ros/lib/python3.12/site-packages/intro-to-ros.egg-link (link to .)
[10.183s] Installing bluerov2_sensors script to /home/joshuatang/auvc_ws/src/intro_to_ros/install/intro_to_ros/lib/intro_to_ros
[10.186s] Installing publisher script to /home/joshuatang/auvc_ws/src/intro_to_ros/install/intro_to_ros/lib/intro_to_ros
[10.187s] 
[10.187s] Installed /home/joshuatang/auvc_ws/src/intro_to_ros/build/intro_to_ros
[10.188s] running symlink_data
[10.414s] Invoked command in '/home/joshuatang/auvc_ws/src/intro_to_ros/build/intro_to_ros' returned '0': PYTHONPATH=/home/joshuatang/auvc_ws/src/intro_to_ros/build/intro_to_ros/prefix_override:/usr/lib/python3/dist-packages/colcon_core/task/python/colcon_distutils_commands:/home/joshuatang/auvc_ws/src/intro_to_ros/install/intro_to_ros/lib/python3.12/site-packages:${PYTHONPATH} /usr/bin/python3 -W ignore:setup.py install is deprecated setup.py develop --editable --build-directory /home/joshuatang/auvc_ws/src/intro_to_ros/build/intro_to_ros/build --no-deps symlink_data
