[5.556s] Invoking command in '/home/joshuatang/auvc_ws/src/intro_to_ros/build/intro_to_ros': PYTHONPATH=/home/joshuatang/auvc_ws/src/intro_to_ros/build/intro_to_ros/prefix_override:/usr/lib/python3/dist-packages/colcon_core/task/python/colcon_distutils_commands:/home/joshuatang/auvc_ws/src/intro_to_ros/install/intro_to_ros/lib/python3.12/site-packages:${PYTHONPATH} /usr/bin/python3 -W ignore:setup.py install is deprecated setup.py develop --editable --build-directory /home/joshuatang/auvc_ws/src/intro_to_ros/build/intro_to_ros/build --no-deps symlink_data
[7.889s] running develop
[7.890s] /usr/lib/python3/dist-packages/setuptools/command/develop.py:40: EasyInstallDeprecationWarning: easy_install command is deprecated.
[7.891s] !!
[7.891s] 
[7.892s]         ********************************************************************************
[7.893s]         Please avoid running ``setup.py`` and ``easy_install``.
[7.893s]         Instead, use pypa/build, pypa/installer or other
[7.894s]         standards-based tools.
[7.894s] 
[7.895s]         See https://github.com/pypa/setuptools/issues/917 for details.
[7.896s]         ********************************************************************************
[7.896s] 
[7.899s] !!
[7.899s]   easy_install.initialize_options(self)
[9.534s] running egg_info
[9.701s] writing intro_to_ros.egg-info/PKG-INFO
[9.703s] writing dependency_links to intro_to_ros.egg-info/dependency_links.txt
[9.706s] writing entry points to intro_to_ros.egg-info/entry_points.txt
[9.707s] writing requirements to intro_to_ros.egg-info/requires.txt
[9.707s] writing top-level names to intro_to_ros.egg-info/top_level.txt
[10.011s] reading manifest file 'intro_to_ros.egg-info/SOURCES.txt'
[10.015s] writing manifest file 'intro_to_ros.egg-info/SOURCES.txt'
[10.180s] running build_ext
[10.181s] Creating /home/joshuatang/auvc_ws/src/intro_to_ros/install/intro_to_ros/lib/python3.12/site-packages/intro-to-ros.egg-link (link to .)
[10.184s] Installing bluerov2_sensors script to /home/joshuatang/auvc_ws/src/intro_to_ros/install/intro_to_ros/lib/intro_to_ros
[10.186s] Installing publisher script to /home/joshuatang/auvc_ws/src/intro_to_ros/install/intro_to_ros/lib/intro_to_ros
[10.190s] 
[10.191s] Installed /home/joshuatang/auvc_ws/src/intro_to_ros/build/intro_to_ros
[10.196s] running symlink_data
[10.401s] Invoked command in '/home/joshuatang/auvc_ws/src/intro_to_ros/build/intro_to_ros' returned '0': PYTHONPATH=/home/joshuatang/auvc_ws/src/intro_to_ros/build/intro_to_ros/prefix_override:/usr/lib/python3/dist-packages/colcon_core/task/python/colcon_distutils_commands:/home/joshuatang/auvc_ws/src/intro_to_ros/install/intro_to_ros/lib/python3.12/site-packages:${PYTHONPATH} /usr/bin/python3 -W ignore:setup.py install is deprecated setup.py develop --editable --build-directory /home/joshuatang/auvc_ws/src/intro_to_ros/build/intro_to_ros/build --no-deps symlink_data
